<?xml version="1.0" encoding="UTF-8"?>
<coverage generated="1648309546216" clover="3.2.0">
  <project timestamp="1648309546216" name="All files">
    <metrics statements="41" coveredstatements="37" conditionals="12" coveredconditionals="10" methods="7" coveredmethods="6" elements="60" coveredelements="53" complexity="0" loc="41" ncloc="41" packages="1" files="3" classes="3"/>
    <file name="api.calculator.js" path="/home/santiago/Documents/Empresariales/dojo-test-jest/api.calculator.js">
      <metrics statements="12" coveredstatements="9" conditionals="0" coveredconditionals="0" methods="2" coveredmethods="1"/>
      <line num="1" count="1" type="stmt"/>
      <line num="2" count="1" type="stmt"/>
      <line num="3" count="1" type="stmt"/>
      <line num="5" count="1" type="stmt"/>
      <line num="6" count="4" type="stmt"/>
      <line num="7" count="4" type="stmt"/>
      <line num="8" count="4" type="stmt"/>
      <line num="13" count="1" type="stmt"/>
      <line num="14" count="0" type="stmt"/>
      <line num="15" count="0" type="stmt"/>
      <line num="16" count="0" type="stmt"/>
      <line num="22" count="1" type="stmt"/>
    </file>
    <file name="calculator.js" path="/home/santiago/Documents/Empresariales/dojo-test-jest/calculator.js">
      <metrics statements="8" coveredstatements="8" conditionals="2" coveredconditionals="2" methods="3" coveredmethods="3"/>
      <line num="2" count="6" type="stmt"/>
      <line num="6" count="2" type="stmt"/>
      <line num="10" count="2" type="cond" truecount="2" falsecount="0"/>
      <line num="11" count="1" type="stmt"/>
      <line num="13" count="1" type="stmt"/>
      <line num="19" count="2" type="stmt"/>
      <line num="20" count="2" type="stmt"/>
      <line num="21" count="2" type="stmt"/>
    </file>
    <file name="code_breaker.js" path="/home/santiago/Documents/Empresariales/dojo-test-jest/code_breaker.js">
      <metrics statements="21" coveredstatements="20" conditionals="10" coveredconditionals="8" methods="2" coveredmethods="2"/>
      <line num="1" count="1" type="stmt"/>
      <line num="3" count="1" type="stmt"/>
      <line num="4" count="1" type="stmt"/>
      <line num="5" count="4" type="stmt"/>
      <line num="6" count="4" type="cond" truecount="1" falsecount="1"/>
      <line num="9" count="1" type="stmt"/>
      <line num="10" count="4" type="stmt"/>
      <line num="13" count="1" type="stmt"/>
      <line num="17" count="9" type="stmt"/>
      <line num="18" count="9" type="cond" truecount="1" falsecount="1"/>
      <line num="19" count="0" type="stmt"/>
      <line num="21" count="9" type="stmt"/>
      <line num="22" count="36" type="cond" truecount="2" falsecount="0"/>
      <line num="23" count="1" type="stmt"/>
      <line num="27" count="9" type="stmt"/>
      <line num="28" count="36" type="stmt"/>
      <line num="29" count="144" type="cond" truecount="2" falsecount="0"/>
      <line num="30" count="108" type="cond" truecount="2" falsecount="0"/>
      <line num="31" count="14" type="stmt"/>
      <line num="37" count="9" type="stmt"/>
      <line num="40" count="1" type="stmt"/>
    </file>
  </project>
</coverage>
