{"/home/santiago/Documents/Empresariales/dojo-test-jest/api.calculator.js": {"path":"/home/santiago/Documents/Empresariales/dojo-test-jest/api.calculator.js","statementMap":{"0":{"start":{"line":1,"column":16},"end":{"line":1,"column":34}},"1":{"start":{"line":2,"column":12},"end":{"line":2,"column":21}},"2":{"start":{"line":3,"column":12},"end":{"line":3,"column":35}},"3":{"start":{"line":5,"column":0},"end":{"line":11,"column":3}},"4":{"start":{"line":6,"column":12},"end":{"line":6,"column":33}},"5":{"start":{"line":7,"column":12},"end":{"line":7,"column":33}},"6":{"start":{"line":8,"column":4},"end":{"line":10,"column":7}},"7":{"start":{"line":13,"column":0},"end":{"line":19,"column":3}},"8":{"start":{"line":14,"column":12},"end":{"line":14,"column":33}},"9":{"start":{"line":15,"column":12},"end":{"line":15,"column":33}},"10":{"start":{"line":16,"column":4},"end":{"line":18,"column":7}},"11":{"start":{"line":22,"column":0},"end":{"line":22,"column":21}}},"fnMap":{"0":{"name":"(anonymous_0)","decl":{"start":{"line":5,"column":16},"end":{"line":5,"column":17}},"loc":{"start":{"line":5,"column":29},"end":{"line":11,"column":1}},"line":5},"1":{"name":"(anonymous_1)","decl":{"start":{"line":13,"column":21},"end":{"line":13,"column":22}},"loc":{"start":{"line":13,"column":34},"end":{"line":19,"column":1}},"line":13}},"branchMap":{},"s":{"0":1,"1":1,"2":1,"3":1,"4":4,"5":4,"6":4,"7":1,"8":0,"9":0,"10":0,"11":1},"f":{"0":4,"1":0},"b":{},"_coverageSchema":"1a1c01bbd47fc00a2c39e90264f33305004495a9","hash":"b1cc322855d4e7ac042b9c0da2af8995e18d0418"}
,"/home/santiago/Documents/Empresariales/dojo-test-jest/calculator.js": {"path":"/home/santiago/Documents/Empresariales/dojo-test-jest/calculator.js","statementMap":{"0":{"start":{"line":2,"column":4},"end":{"line":2,"column":15}},"1":{"start":{"line":6,"column":4},"end":{"line":6,"column":15}},"2":{"start":{"line":10,"column":4},"end":{"line":12,"column":5}},"3":{"start":{"line":11,"column":8},"end":{"line":11,"column":19}},"4":{"start":{"line":13,"column":4},"end":{"line":13,"column":16}},"5":{"start":{"line":19,"column":0},"end":{"line":19,"column":25}},"6":{"start":{"line":20,"column":0},"end":{"line":20,"column":27}},"7":{"start":{"line":21,"column":0},"end":{"line":21,"column":25}}},"fnMap":{"0":{"name":"add","decl":{"start":{"line":1,"column":9},"end":{"line":1,"column":12}},"loc":{"start":{"line":1,"column":17},"end":{"line":3,"column":1}},"line":1},"1":{"name":"subs","decl":{"start":{"line":5,"column":9},"end":{"line":5,"column":13}},"loc":{"start":{"line":5,"column":18},"end":{"line":7,"column":1}},"line":5},"2":{"name":"div","decl":{"start":{"line":9,"column":9},"end":{"line":9,"column":12}},"loc":{"start":{"line":9,"column":17},"end":{"line":14,"column":1}},"line":9}},"branchMap":{"0":{"loc":{"start":{"line":10,"column":4},"end":{"line":12,"column":5}},"type":"if","locations":[{"start":{"line":10,"column":4},"end":{"line":12,"column":5}},{"start":{},"end":{}}],"line":10}},"s":{"0":6,"1":2,"2":2,"3":1,"4":1,"5":2,"6":2,"7":2},"f":{"0":6,"1":2,"2":2},"b":{"0":[1,1]},"_coverageSchema":"1a1c01bbd47fc00a2c39e90264f33305004495a9","hash":"68874c0697060671c070593b994ab609ad198984"}
,"/home/santiago/Documents/Empresariales/dojo-test-jest/code_breaker.js": {"path":"/home/santiago/Documents/Empresariales/dojo-test-jest/code_breaker.js","statementMap":{"0":{"start":{"line":1,"column":13},"end":{"line":1,"column":15}},"1":{"start":{"line":3,"column":10},"end":{"line":3,"column":12}},"2":{"start":{"line":4,"column":0},"end":{"line":7,"column":1}},"3":{"start":{"line":5,"column":12},"end":{"line":5,"column":42}},"4":{"start":{"line":6,"column":4},"end":{"line":6,"column":42}},"5":{"start":{"line":6,"column":30},"end":{"line":6,"column":42}},"6":{"start":{"line":9,"column":0},"end":{"line":11,"column":3}},"7":{"start":{"line":10,"column":2},"end":{"line":10,"column":28}},"8":{"start":{"line":13,"column":0},"end":{"line":13,"column":19}},"9":{"start":{"line":17,"column":15},"end":{"line":17,"column":17}},"10":{"start":{"line":18,"column":2},"end":{"line":20,"column":3}},"11":{"start":{"line":18,"column":20},"end":{"line":19,"column":18}},"12":{"start":{"line":19,"column":4},"end":{"line":19,"column":18}},"13":{"start":{"line":21,"column":2},"end":{"line":25,"column":3}},"14":{"start":{"line":21,"column":15},"end":{"line":21,"column":16}},"15":{"start":{"line":22,"column":4},"end":{"line":24,"column":5}},"16":{"start":{"line":23,"column":6},"end":{"line":23,"column":28}},"17":{"start":{"line":27,"column":2},"end":{"line":35,"column":3}},"18":{"start":{"line":27,"column":15},"end":{"line":27,"column":16}},"19":{"start":{"line":28,"column":4},"end":{"line":34,"column":5}},"20":{"start":{"line":28,"column":17},"end":{"line":28,"column":18}},"21":{"start":{"line":29,"column":6},"end":{"line":33,"column":7}},"22":{"start":{"line":30,"column":8},"end":{"line":32,"column":9}},"23":{"start":{"line":31,"column":10},"end":{"line":31,"column":32}},"24":{"start":{"line":37,"column":2},"end":{"line":37,"column":16}},"25":{"start":{"line":40,"column":0},"end":{"line":40,"column":29}}},"fnMap":{"0":{"name":"(anonymous_0)","decl":{"start":{"line":9,"column":12},"end":{"line":9,"column":13}},"loc":{"start":{"line":9,"column":23},"end":{"line":11,"column":1}},"line":9},"1":{"name":"solve","decl":{"start":{"line":16,"column":9},"end":{"line":16,"column":14}},"loc":{"start":{"line":16,"column":18},"end":{"line":38,"column":1}},"line":16}},"branchMap":{"0":{"loc":{"start":{"line":6,"column":4},"end":{"line":6,"column":42}},"type":"if","locations":[{"start":{"line":6,"column":4},"end":{"line":6,"column":42}},{"start":{},"end":{}}],"line":6},"1":{"loc":{"start":{"line":18,"column":2},"end":{"line":20,"column":3}},"type":"if","locations":[{"start":{"line":18,"column":2},"end":{"line":20,"column":3}},{"start":{},"end":{}}],"line":18},"2":{"loc":{"start":{"line":22,"column":4},"end":{"line":24,"column":5}},"type":"if","locations":[{"start":{"line":22,"column":4},"end":{"line":24,"column":5}},{"start":{},"end":{}}],"line":22},"3":{"loc":{"start":{"line":29,"column":6},"end":{"line":33,"column":7}},"type":"if","locations":[{"start":{"line":29,"column":6},"end":{"line":33,"column":7}},{"start":{},"end":{}}],"line":29},"4":{"loc":{"start":{"line":30,"column":8},"end":{"line":32,"column":9}},"type":"if","locations":[{"start":{"line":30,"column":8},"end":{"line":32,"column":9}},{"start":{},"end":{}}],"line":30}},"s":{"0":1,"1":1,"2":1,"3":4,"4":4,"5":4,"6":1,"7":4,"8":1,"9":9,"10":9,"11":0,"12":0,"13":9,"14":9,"15":36,"16":1,"17":9,"18":9,"19":36,"20":36,"21":144,"22":108,"23":14,"24":9,"25":1},"f":{"0":4,"1":9},"b":{"0":[4,0],"1":[0,9],"2":[1,35],"3":[108,36],"4":[14,94]},"_coverageSchema":"1a1c01bbd47fc00a2c39e90264f33305004495a9","hash":"0a9bc59051c673b647c1197d993d968ab21a77dd"}
}
