TN:
SF:api.calculator.js
FN:5,(anonymous_0)
FN:13,(anonymous_1)
FNF:2
FNH:1
FNDA:4,(anonymous_0)
FNDA:0,(anonymous_1)
DA:1,1
DA:2,1
DA:3,1
DA:5,1
DA:6,4
DA:7,4
DA:8,4
DA:13,1
DA:14,0
DA:15,0
DA:16,0
DA:22,1
LF:12
LH:9
BRF:0
BRH:0
end_of_record
TN:
SF:app_code_breaker.js
FN:12,(anonymous_0)
FN:15,(anonymous_1)
FN:23,(anonymous_2)
FNF:3
FNH:0
FNDA:0,(anonymous_0)
FNDA:0,(anonymous_1)
FNDA:0,(anonymous_2)
DA:1,1
DA:2,1
DA:4,1
DA:5,1
DA:6,1
DA:8,1
DA:9,1
DA:10,1
DA:12,1
DA:13,0
DA:15,1
DA:16,0
DA:23,1
DA:24,0
LF:14
LH:11
BRF:0
BRH:0
end_of_record
TN:
SF:calculator.js
FN:1,add
FN:5,subs
FN:9,div
FNF:3
FNH:3
FNDA:6,add
FNDA:2,subs
FNDA:2,div
DA:2,6
DA:6,2
DA:10,2
DA:11,1
DA:13,1
DA:19,2
DA:20,2
DA:21,2
LF:8
LH:8
BRDA:10,0,0,1
BRDA:10,0,1,1
BRF:2
BRH:2
end_of_record
TN:
SF:code_breaker.js
FN:10,(anonymous_0)
FN:17,solve
FN:41,counter
FNF:3
FNH:1
FNDA:4,(anonymous_0)
FNDA:0,solve
FNDA:0,counter
DA:1,1
DA:2,1
DA:4,1
DA:5,1
DA:6,6
DA:7,6
DA:10,1
DA:11,4
DA:14,1
DA:18,0
DA:19,0
DA:20,0
DA:22,0
DA:23,0
DA:24,0
DA:28,0
DA:29,0
DA:30,0
DA:31,0
DA:32,0
DA:38,0
DA:42,0
DA:43,0
DA:46,1
DA:47,1
LF:25
LH:11
BRDA:7,0,0,4
BRDA:7,0,1,2
BRDA:19,1,0,0
BRDA:19,1,1,0
BRDA:23,2,0,0
BRDA:23,2,1,0
BRDA:30,3,0,0
BRDA:30,3,1,0
BRDA:31,4,0,0
BRDA:31,4,1,0
BRF:10
BRH:2
end_of_record
