TN:
SF:calculator\api.calculator.js
FN:5,(anonymous_0)
FN:13,(anonymous_1)
FNF:2
FNH:1
FNDA:4,(anonymous_0)
FNDA:0,(anonymous_1)
DA:1,1
DA:2,1
DA:3,1
DA:5,1
DA:6,4
DA:7,4
DA:8,4
DA:13,1
DA:14,0
DA:15,0
DA:16,0
DA:22,1
LF:12
LH:9
BRF:0
BRH:0
end_of_record
TN:
SF:calculator\calculator.js
FN:1,add
FN:5,subs
FN:9,div
FNF:3
FNH:3
FNDA:6,add
FNDA:2,subs
FNDA:2,div
DA:2,6
DA:6,2
DA:10,2
DA:11,1
DA:13,1
DA:19,2
DA:20,2
DA:21,2
LF:8
LH:8
BRDA:10,0,0,1
BRDA:10,0,1,1
BRF:2
BRH:2
end_of_record
TN:
SF:codebreaker\app_code_breaker.js
FN:13,(anonymous_0)
FN:17,(anonymous_1)
FN:25,(anonymous_2)
FNF:3
FNH:2
FNDA:0,(anonymous_0)
FNDA:5,(anonymous_1)
FNDA:5,(anonymous_2)
DA:1,1
DA:2,1
DA:3,1
DA:4,1
DA:5,1
DA:6,1
DA:8,1
DA:9,1
DA:10,1
DA:11,1
DA:13,1
DA:14,0
DA:17,1
DA:18,5
DA:25,1
DA:26,5
DA:29,1
LF:17
LH:16
BRF:0
BRH:0
end_of_record
TN:
SF:codebreaker\code_breaker.js
FN:5,secretRandom
FN:12,(anonymous_1)
FN:23,secretSet
FN:28,solve
FN:58,counter
FNF:5
FNH:5
FNDA:3,secretRandom
FNDA:12,(anonymous_1)
FNDA:16,secretSet
FNDA:16,solve
FNDA:5,counter
DA:1,2
DA:2,2
DA:6,3
DA:7,3
DA:8,12
DA:9,12
DA:12,3
DA:13,12
DA:16,3
DA:19,2
DA:24,16
DA:29,16
DA:31,16
DA:32,1
DA:33,1
DA:34,1
DA:36,15
DA:37,6
DA:39,9
DA:40,36
DA:41,11
DA:45,9
DA:46,36
DA:47,144
DA:48,108
DA:49,10
DA:55,9
DA:59,5
DA:60,5
DA:64,2
DA:65,2
DA:66,2
LF:32
LH:32
BRDA:9,0,0,12
BRDA:9,0,1,0
BRDA:31,1,0,1
BRDA:31,1,1,15
BRDA:36,2,0,6
BRDA:36,2,1,9
BRDA:40,3,0,11
BRDA:40,3,1,25
BRDA:47,4,0,108
BRDA:47,4,1,36
BRDA:48,5,0,10
BRDA:48,5,1,98
BRF:12
BRH:11
end_of_record
